2024/07/08 02:31:28 [notice] 1#1: signal 3 (SIGQUIT) received, shutting down
2024/07/08 02:31:28 [notice] 30#30: gracefully shutting down
2024/07/08 02:31:28 [notice] 30#30: exiting
2024/07/08 02:31:28 [notice] 30#30: exit
2024/07/08 02:31:28 [notice] 31#31: gracefully shutting down
2024/07/08 02:31:28 [notice] 31#31: exiting
2024/07/08 02:31:28 [notice] 31#31: exit
2024/07/08 02:31:28 [notice] 1#1: signal 17 (SIGCHLD) received from 30
2024/07/08 02:31:28 [notice] 1#1: worker process 30 exited with code 0
2024/07/08 02:31:28 [notice] 1#1: signal 29 (SIGIO) received
2024/07/08 02:31:28 [notice] 1#1: signal 17 (SIGCHLD) received from 31
2024/07/08 02:31:28 [notice] 1#1: worker process 31 exited with code 0
2024/07/08 02:31:28 [notice] 1#1: exit
2024/07/08 02:31:33 [notice] 1#1: using the "epoll" event method
2024/07/08 02:31:33 [notice] 1#1: nginx/1.27.0
2024/07/08 02:31:33 [notice] 1#1: built by gcc 13.2.1 20231014 (Alpine 13.2.1_git20231014) 
2024/07/08 02:31:33 [notice] 1#1: OS: Linux 6.5.0-1022-azure
2024/07/08 02:31:33 [notice] 1#1: getrlimit(RLIMIT_NOFILE): 1048576:1048576
2024/07/08 02:31:33 [notice] 1#1: start worker processes
2024/07/08 02:31:33 [notice] 1#1: start worker process 29
2024/07/08 02:31:33 [notice] 1#1: start worker process 30
2024/07/08 02:36:18 [notice] 1#1: signal 3 (SIGQUIT) received, shutting down
2024/07/08 02:36:18 [notice] 30#30: gracefully shutting down
2024/07/08 02:36:18 [notice] 30#30: exiting
2024/07/08 02:36:18 [notice] 29#29: gracefully shutting down
2024/07/08 02:36:18 [notice] 29#29: exiting
2024/07/08 02:36:18 [notice] 30#30: exit
2024/07/08 02:36:18 [notice] 29#29: exit
2024/07/08 02:36:18 [notice] 1#1: signal 17 (SIGCHLD) received from 30
2024/07/08 02:36:18 [notice] 1#1: worker process 30 exited with code 0
2024/07/08 02:36:18 [notice] 1#1: signal 29 (SIGIO) received
2024/07/08 02:36:18 [notice] 1#1: signal 17 (SIGCHLD) received from 29
2024/07/08 02:36:18 [notice] 1#1: worker process 29 exited with code 0
2024/07/08 02:36:18 [notice] 1#1: exit
2024/07/08 02:36:36 [notice] 1#1: using the "epoll" event method
2024/07/08 02:36:36 [notice] 1#1: nginx/1.27.0
2024/07/08 02:36:36 [notice] 1#1: built by gcc 13.2.1 20231014 (Alpine 13.2.1_git20231014) 
2024/07/08 02:36:36 [notice] 1#1: OS: Linux 6.5.0-1022-azure
2024/07/08 02:36:36 [notice] 1#1: getrlimit(RLIMIT_NOFILE): 1048576:1048576
2024/07/08 02:36:36 [notice] 1#1: start worker processes
2024/07/08 02:36:36 [notice] 1#1: start worker process 29
2024/07/08 02:36:36 [notice] 1#1: start worker process 30
2024/07/08 20:40:58 [notice] 1#1: using the "epoll" event method
2024/07/08 20:40:58 [notice] 1#1: nginx/1.27.0
2024/07/08 20:40:58 [notice] 1#1: built by gcc 13.2.1 20231014 (Alpine 13.2.1_git20231014) 
2024/07/08 20:40:58 [notice] 1#1: OS: Linux 6.5.0-1022-azure
2024/07/08 20:40:58 [notice] 1#1: getrlimit(RLIMIT_NOFILE): 1048576:1048576
2024/07/08 20:40:58 [notice] 1#1: start worker processes
2024/07/08 20:40:58 [notice] 1#1: start worker process 29
2024/07/08 20:40:58 [notice] 1#1: start worker process 30
2024/07/08 20:52:31 [notice] 1#1: signal 3 (SIGQUIT) received, shutting down
2024/07/08 20:52:31 [notice] 30#30: gracefully shutting down
2024/07/08 20:52:31 [notice] 30#30: exiting
2024/07/08 20:52:31 [notice] 30#30: exit
2024/07/08 20:52:31 [notice] 29#29: gracefully shutting down
2024/07/08 20:52:31 [notice] 29#29: exiting
2024/07/08 20:52:31 [notice] 29#29: exit
2024/07/08 20:52:31 [notice] 1#1: signal 17 (SIGCHLD) received from 30
2024/07/08 20:52:31 [notice] 1#1: worker process 30 exited with code 0
2024/07/08 20:52:31 [notice] 1#1: signal 29 (SIGIO) received
2024/07/08 20:52:31 [notice] 1#1: signal 17 (SIGCHLD) received from 29
2024/07/08 20:52:31 [notice] 1#1: worker process 29 exited with code 0
2024/07/08 20:52:31 [notice] 1#1: exit
2024/07/08 20:52:38 [notice] 1#1: using the "epoll" event method
2024/07/08 20:52:38 [notice] 1#1: nginx/1.27.0
2024/07/08 20:52:38 [notice] 1#1: built by gcc 13.2.1 20231014 (Alpine 13.2.1_git20231014) 
2024/07/08 20:52:38 [notice] 1#1: OS: Linux 6.5.0-1022-azure
2024/07/08 20:52:38 [notice] 1#1: getrlimit(RLIMIT_NOFILE): 1048576:1048576
2024/07/08 20:52:38 [notice] 1#1: start worker processes
2024/07/08 20:52:38 [notice] 1#1: start worker process 29
2024/07/08 20:52:38 [notice] 1#1: start worker process 30
